<?xml version="1.0" encoding="UTF-8"?>
<!-- Generated by org.testng.reporters.JUnitReportReporter -->
<testsuite hostname="DESKTOP-CPB4MLB" failures="0" tests="1" name="com.testcases.LeavemoduelTest" time="19.119" errors="0" timestamp="2022-12-21T16:40:56 IST" skipped="0">
  <testcase classname="com.testcases.LeavemoduelTest" name="LeaveTest" time="19.119"/>
  <system-out/>
</testsuite> <!-- com.testcases.LeavemoduelTest -->
