<?xml version="1.0" encoding="UTF-8"?>
<!-- Generated by org.testng.reporters.JUnitReportReporter -->
<testsuite hostname="DESKTOP-CPB4MLB" failures="0" tests="4" name="com.ReadExcel.BaseClass" time="62.323" errors="0" timestamp="2022-12-09T14:30:39 IST" skipped="0">
  <testcase classname="com.ReadExcel.BaseClass" name="Login" time="17.635"/>
  <system-out/>
  <testcase classname="com.ReadExcel.BaseClass" name="Login" time="17.938"/>
  <system-out/>
  <testcase classname="com.ReadExcel.BaseClass" name="Login" time="14.366"/>
  <system-out/>
  <testcase classname="com.ReadExcel.BaseClass" name="Login" time="12.384"/>
  <system-out/>
</testsuite> <!-- com.ReadExcel.BaseClass -->
